-------------------------------------------------------------------------------
Test set: runners.TestRunner
-------------------------------------------------------------------------------
Tests run: 1, Failures: 0, Errors: 1, Skipped: 0, Time elapsed: 0.001 s <<< FAILURE! - in runners.TestRunner
initializationError(runners.TestRunner)  Time elapsed: 0.001 s  <<< ERROR!
java.lang.IllegalArgumentException: Not a file or directory: /Users/ivaylo_kunev/CucumberFramework/src/test/functionalTests

