<?xml version="1.0" encoding="UTF-8"?><testsuite errors="1" failures="0" name="Open BLU landing page" skipped="0" tests="1" time="0.99" timestamp="2018-12-21 03:24:23"><testcase name="Test Remote driver on docker machine"><error message="Failed to connect to /0.0.0.0:4444" type="java.net.ConnectException">Failed to connect to /0.0.0.0:4444</error><system-err>Failed to connect to /0.0.0.0:4444
okhttp3.internal.connection.RealConnection.connectSocket(RealConnection.java:242)
okhttp3.internal.connection.RealConnection.connect(RealConnection.java:160)
okhttp3.internal.connection.StreamAllocation.findConnection(StreamAllocation.java:257)
okhttp3.internal.connection.StreamAllocation.findHealthyConnection(StreamAllocation.java:135)
okhttp3.internal.connection.StreamAllocation.newStream(StreamAllocation.java:114)
okhttp3.internal.connection.ConnectInterceptor.intercept(ConnectInterceptor.java:42)
okhttp3.internal.http.RealInterceptorChain.proceed(RealInterceptorChain.java:147)
okhttp3.internal.http.RealInterceptorChain.proceed(RealInterceptorChain.java:121)
okhttp3.internal.cache.CacheInterceptor.intercept(CacheInterceptor.java:93)
okhttp3.internal.http.RealInterceptorChain.proceed(RealInterceptorChain.java:147)
okhttp3.internal.http.RealInterceptorChain.proceed(RealInterceptorChain.java:121)
okhttp3.internal.http.BridgeInterceptor.intercept(BridgeInterceptor.java:93)
okhttp3.internal.http.RealInterceptorChain.proceed(RealInterceptorChain.java:147)
okhttp3.internal.http.RetryAndFollowUpInterceptor.intercept(RetryAndFollowUpInterceptor.java:126)
okhttp3.internal.http.RealInterceptorChain.proceed(RealInterceptorChain.java:147)
okhttp3.internal.http.RealInterceptorChain.proceed(RealInterceptorChain.java:121)
okhttp3.RealCall.getResponseWithInterceptorChain(RealCall.java:200)
okhttp3.RealCall.execute(RealCall.java:77)
stepDefinitions.Steps.thatIOpenGoogleHomePageOnRemoteMachinte(Steps.java:64)
cucumber.runner.Runner.runPickle(Runner.java:80)
</system-err></testcase></testsuite>